2025-02-16 21:08:42.907 [info] [main] Nivel de registro: Info
2025-02-16 21:08:42.907 [info] [main] Validando git encontrado en: "git"
2025-02-16 21:08:42.907 [info] [main] Usando git "2.43.0" de "git"
2025-02-16 21:08:42.907 [info] [Model][doInitialScan] Initial repository scan started
2025-02-16 21:08:42.907 [info] > git rev-parse --show-toplevel [25ms]
2025-02-16 21:08:42.907 [info] fatal: not a git repository (or any parent up to mount point /mnt)
Stopping at filesystem boundary (GIT_DISCOVERY_ACROSS_FILESYSTEM not set).
2025-02-16 21:08:42.936 [info] > git rev-parse --show-toplevel [5ms]
2025-02-16 21:08:42.936 [info] fatal: not a git repository (or any parent up to mount point /mnt)
Stopping at filesystem boundary (GIT_DISCOVERY_ACROSS_FILESYSTEM not set).
2025-02-16 21:08:42.942 [info] > git rev-parse --show-toplevel [4ms]
2025-02-16 21:08:42.942 [info] fatal: not a git repository (or any parent up to mount point /mnt)
Stopping at filesystem boundary (GIT_DISCOVERY_ACROSS_FILESYSTEM not set).
2025-02-16 21:08:42.949 [info] > git rev-parse --show-toplevel [4ms]
2025-02-16 21:08:42.949 [info] fatal: not a git repository (or any parent up to mount point /mnt)
Stopping at filesystem boundary (GIT_DISCOVERY_ACROSS_FILESYSTEM not set).
2025-02-16 21:08:43.005 [info] > git rev-parse --show-toplevel [53ms]
2025-02-16 21:08:43.005 [info] fatal: not a git repository (or any parent up to mount point /mnt)
Stopping at filesystem boundary (GIT_DISCOVERY_ACROSS_FILESYSTEM not set).
2025-02-16 21:08:43.014 [info] > git rev-parse --show-toplevel [5ms]
2025-02-16 21:08:43.014 [info] fatal: not a git repository (or any parent up to mount point /mnt)
Stopping at filesystem boundary (GIT_DISCOVERY_ACROSS_FILESYSTEM not set).
2025-02-16 21:08:43.022 [info] > git rev-parse --show-toplevel [4ms]
2025-02-16 21:08:43.022 [info] fatal: not a git repository (or any parent up to mount point /mnt)
Stopping at filesystem boundary (GIT_DISCOVERY_ACROSS_FILESYSTEM not set).
2025-02-16 21:08:43.030 [info] > git rev-parse --show-toplevel [4ms]
2025-02-16 21:08:43.030 [info] fatal: not a git repository (or any parent up to mount point /mnt)
Stopping at filesystem boundary (GIT_DISCOVERY_ACROSS_FILESYSTEM not set).
2025-02-16 21:08:43.037 [info] > git rev-parse --show-toplevel [3ms]
2025-02-16 21:08:43.037 [info] fatal: not a git repository (or any parent up to mount point /mnt)
Stopping at filesystem boundary (GIT_DISCOVERY_ACROSS_FILESYSTEM not set).
2025-02-16 21:08:43.044 [info] > git rev-parse --show-toplevel [5ms]
2025-02-16 21:08:43.044 [info] fatal: not a git repository (or any parent up to mount point /mnt)
Stopping at filesystem boundary (GIT_DISCOVERY_ACROSS_FILESYSTEM not set).
2025-02-16 21:08:43.051 [info] > git rev-parse --show-toplevel [4ms]
2025-02-16 21:08:43.051 [info] fatal: not a git repository (or any parent up to mount point /mnt)
Stopping at filesystem boundary (GIT_DISCOVERY_ACROSS_FILESYSTEM not set).
2025-02-16 21:08:43.059 [info] > git rev-parse --show-toplevel [5ms]
2025-02-16 21:08:43.059 [info] fatal: not a git repository (or any parent up to mount point /mnt)
Stopping at filesystem boundary (GIT_DISCOVERY_ACROSS_FILESYSTEM not set).
2025-02-16 21:08:43.067 [info] > git rev-parse --show-toplevel [3ms]
2025-02-16 21:08:43.067 [info] fatal: not a git repository (or any parent up to mount point /mnt)
Stopping at filesystem boundary (GIT_DISCOVERY_ACROSS_FILESYSTEM not set).
2025-02-16 21:08:43.073 [info] > git rev-parse --show-toplevel [4ms]
2025-02-16 21:08:43.073 [info] fatal: not a git repository (or any parent up to mount point /mnt)
Stopping at filesystem boundary (GIT_DISCOVERY_ACROSS_FILESYSTEM not set).
2025-02-16 21:08:43.081 [info] > git rev-parse --show-toplevel [3ms]
2025-02-16 21:08:43.081 [info] fatal: not a git repository (or any parent up to mount point /mnt)
Stopping at filesystem boundary (GIT_DISCOVERY_ACROSS_FILESYSTEM not set).
2025-02-16 21:08:43.087 [info] > git rev-parse --show-toplevel [3ms]
2025-02-16 21:08:43.087 [info] fatal: not a git repository (or any parent up to mount point /mnt)
Stopping at filesystem boundary (GIT_DISCOVERY_ACROSS_FILESYSTEM not set).
2025-02-16 21:08:43.091 [info] [Model][doInitialScan] Initial repository scan completed - repositories (0), closed repositories (0), parent repositories (0), unsafe repositories (0)
2025-02-16 21:08:55.619 [info] > git rev-parse --show-toplevel [84ms]
2025-02-16 21:08:55.619 [info] fatal: not a git repository (or any parent up to mount point /mnt)
Stopping at filesystem boundary (GIT_DISCOVERY_ACROSS_FILESYSTEM not set).
2025-02-16 21:11:51.555 [info] > git rev-parse --show-toplevel [3ms]
2025-02-16 21:11:51.555 [info] fatal: not a git repository (or any parent up to mount point /mnt)
Stopping at filesystem boundary (GIT_DISCOVERY_ACROSS_FILESYSTEM not set).
2025-02-16 21:12:02.261 [info] > git rev-parse --show-toplevel [4ms]
2025-02-16 21:12:02.262 [info] fatal: not a git repository (or any parent up to mount point /mnt)
Stopping at filesystem boundary (GIT_DISCOVERY_ACROSS_FILESYSTEM not set).
2025-02-16 21:13:44.177 [info] > git rev-parse --show-toplevel [7ms]
2025-02-16 21:13:44.177 [info] fatal: not a git repository (or any parent up to mount point /mnt)
Stopping at filesystem boundary (GIT_DISCOVERY_ACROSS_FILESYSTEM not set).
2025-02-16 21:13:44.183 [info] > git rev-parse --show-toplevel [4ms]
2025-02-16 21:13:44.183 [info] fatal: not a git repository (or any parent up to mount point /mnt)
Stopping at filesystem boundary (GIT_DISCOVERY_ACROSS_FILESYSTEM not set).
2025-02-16 21:13:51.322 [info] > git rev-parse --show-toplevel [7ms]
2025-02-16 21:13:51.322 [info] fatal: not a git repository (or any parent up to mount point /mnt)
Stopping at filesystem boundary (GIT_DISCOVERY_ACROSS_FILESYSTEM not set).
2025-02-16 21:13:51.331 [info] > git rev-parse --show-toplevel [5ms]
2025-02-16 21:13:51.331 [info] fatal: not a git repository (or any parent up to mount point /mnt)
Stopping at filesystem boundary (GIT_DISCOVERY_ACROSS_FILESYSTEM not set).
2025-02-16 21:13:51.341 [info] > git rev-parse --show-toplevel [6ms]
2025-02-16 21:13:51.341 [info] fatal: not a git repository (or any parent up to mount point /mnt)
Stopping at filesystem boundary (GIT_DISCOVERY_ACROSS_FILESYSTEM not set).
2025-02-16 21:13:57.415 [info] > git rev-parse --show-toplevel [5ms]
2025-02-16 21:13:57.415 [info] fatal: not a git repository (or any parent up to mount point /mnt)
Stopping at filesystem boundary (GIT_DISCOVERY_ACROSS_FILESYSTEM not set).
2025-02-16 21:13:57.423 [info] > git rev-parse --show-toplevel [5ms]
2025-02-16 21:13:57.423 [info] fatal: not a git repository (or any parent up to mount point /mnt)
Stopping at filesystem boundary (GIT_DISCOVERY_ACROSS_FILESYSTEM not set).
2025-02-16 21:13:58.406 [info] > git rev-parse --show-toplevel [5ms]
2025-02-16 21:13:58.406 [info] fatal: not a git repository (or any parent up to mount point /mnt)
Stopping at filesystem boundary (GIT_DISCOVERY_ACROSS_FILESYSTEM not set).
2025-02-16 21:14:33.584 [info] > git rev-parse --show-toplevel [6ms]
2025-02-16 21:14:33.584 [info] fatal: not a git repository (or any parent up to mount point /mnt)
Stopping at filesystem boundary (GIT_DISCOVERY_ACROSS_FILESYSTEM not set).
2025-02-16 21:14:37.970 [info] > git rev-parse --show-toplevel [4ms]
2025-02-16 21:14:37.970 [info] fatal: not a git repository (or any parent up to mount point /mnt)
Stopping at filesystem boundary (GIT_DISCOVERY_ACROSS_FILESYSTEM not set).
2025-02-16 21:14:38.462 [info] > git rev-parse --show-toplevel [4ms]
2025-02-16 21:14:38.462 [info] fatal: not a git repository (or any parent up to mount point /mnt)
Stopping at filesystem boundary (GIT_DISCOVERY_ACROSS_FILESYSTEM not set).
2025-02-16 21:15:21.659 [info] > git rev-parse --show-toplevel [73ms]
2025-02-16 21:15:21.659 [info] fatal: not a git repository (or any parent up to mount point /mnt)
Stopping at filesystem boundary (GIT_DISCOVERY_ACROSS_FILESYSTEM not set).
2025-02-16 21:16:29.672 [info] > git rev-parse --show-toplevel [5ms]
2025-02-16 21:16:29.672 [info] fatal: not a git repository (or any parent up to mount point /mnt)
Stopping at filesystem boundary (GIT_DISCOVERY_ACROSS_FILESYSTEM not set).
2025-02-16 21:16:30.126 [info] > git rev-parse --show-toplevel [59ms]
2025-02-16 21:16:30.126 [info] fatal: not a git repository (or any parent up to mount point /mnt)
Stopping at filesystem boundary (GIT_DISCOVERY_ACROSS_FILESYSTEM not set).
2025-02-16 21:17:36.271 [info] > git rev-parse --show-toplevel [30ms]
2025-02-16 21:17:36.271 [info] fatal: not a git repository (or any parent up to mount point /mnt)
Stopping at filesystem boundary (GIT_DISCOVERY_ACROSS_FILESYSTEM not set).
2025-02-16 21:17:36.289 [info] > git rev-parse --show-toplevel [14ms]
2025-02-16 21:17:36.289 [info] fatal: not a git repository (or any parent up to mount point /mnt)
Stopping at filesystem boundary (GIT_DISCOVERY_ACROSS_FILESYSTEM not set).
2025-02-16 21:17:38.165 [info] > git rev-parse --show-toplevel [6ms]
2025-02-16 21:17:38.165 [info] fatal: not a git repository (or any parent up to mount point /mnt)
Stopping at filesystem boundary (GIT_DISCOVERY_ACROSS_FILESYSTEM not set).
